<?xml version="1.0" encoding="UTF-8"?>
<testsuites tests="1" failures="0" errors="0" skipped="0">
  <testsuite name="Alfagift App Automation JUnit Reporter" timestamp="2025-03-19T14:06:13" time="27.538" tests="1" failures="0" errors="0" skipped="0">
    <properties>
      <property name="specId" value="0"/>
      <property name="suiteName" value="Alfagift App Automation - JUnit Reporter"/>
      <property name="capabilities" value="android.gizpkf6tofvww4iv"/>
      <property name="file" value="file:///C:/wdio-alfagift/test/specs/test.e2e.js"/>
    </properties>
    <testcase classname="android.gizpkf6tofvww4iv.Alfagift_App_Automation_-_JUnit_Reporter" name="should automate Alfagift app" time="20.307">
      <system-out><![CDATA[
COMMAND: DELETE /session/eb5c1e67-d368-4af1-a028-d23fc286f8b8 - {}
RESULT: {}
]]></system-out>
    </testcase>
  </testsuite>
</testsuites>