<?xml version="1.0" encoding="UTF-8"?>
<testsuites tests="1" failures="1" errors="0" skipped="0">
  <testsuite name="Alfagift App Automation JUnit Reporter" timestamp="2025-03-19T13:57:57" time="20.015" tests="1" failures="1" errors="0" skipped="0">
    <properties>
      <property name="specId" value="0"/>
      <property name="suiteName" value="Alfagift App Automation - JUnit Reporter"/>
      <property name="capabilities" value="android.gizpkf6tofvww4iv"/>
      <property name="file" value="file:///C:/wdio-alfagift/test/specs/test.e2e.js"/>
    </properties>
    <testcase classname="android.gizpkf6tofvww4iv.Alfagift_App_Automation_-_JUnit_Reporter" name="should automate Alfagift app" time="5.335">
      <failure message="Can't call click on element with selector &quot;id:com.alfamart.alfagift:id/card_search_product&quot; because element wasn't found"/>
      <system-out><![CDATA[
COMMAND: DELETE /session/414f6d8e-e7d7-4958-831b-a373b5220fca - {}
RESULT: {}
]]></system-out>
      <system-err><![CDATA[
Error: Can't call click on element with selector "id:com.alfamart.alfagift:id/card_search_product" because element wasn't found
    at implicitWait (C:\wdio-alfagift\node_modules\webdriverio\build\node.js:587:13)
    at async Element.elementErrorHandlerCallbackFn (C:\wdio-alfagift\node_modules\webdriverio\build\node.js:8340:23)
    at async Element.wrapCommandFn (C:\wdio-alfagift\node_modules\@wdio\utils\build\index.js:902:23)
    at async Context.<anonymous> (C:\wdio-alfagift\test\specs\test.e2e.js:28:13)
    at async Context.executeAsync (C:\wdio-alfagift\node_modules\@wdio\utils\build\index.js:1025:20)
    at async Context.testFrameworkFnWrapper (C:\wdio-alfagift\node_modules\@wdio\utils\build\index.js:1096:14)
]]></system-err>
    </testcase>
  </testsuite>
</testsuites>